<?xml version="1.0" encoding="UTF-8"?>
<testsuite name="com.example.demo.controller.CatControllerTest" tests="1" skipped="0" failures="0" errors="0" timestamp="2024-01-20T20:29:05" hostname="LAPTOP-O84MUJ1B" time="1.287">
  <properties/>
  <testcase name="addViewTest()" classname="com.example.demo.controller.CatControllerTest" time="1.287"/>
  <system-out><![CDATA[21:29:06.771 [Test worker] INFO org.springframework.mock.web.MockServletContext -- Initializing Spring TestDispatcherServlet ''
21:29:06.774 [Test worker] INFO org.springframework.test.web.servlet.TestDispatcherServlet -- Initializing Servlet ''
21:29:06.778 [Test worker] INFO org.springframework.test.web.servlet.TestDispatcherServlet -- Completed initialization in 2 ms
]]></system-out>
  <system-err><![CDATA[]]></system-err>
</testsuite>
