<?xml version="1.0" encoding="UTF-8"?>
<testsuite name="com.example.demo.service.CatServiceTest" tests="1" skipped="0" failures="0" errors="0" timestamp="2024-01-11T13:15:48" hostname="LAPTOP-O84MUJ1B" time="0.747">
  <properties/>
  <testcase name="shouldFilterByName()" classname="com.example.demo.service.CatServiceTest" time="0.747"/>
  <system-out><![CDATA[]]></system-out>
  <system-err><![CDATA[]]></system-err>
</testsuite>
