<?xml version="1.0" encoding="UTF-8"?>
<testsuite name="com.example.demo.restAssured.RestAssuredTests" tests="1" skipped="0" failures="0" errors="0" timestamp="2024-01-22T16:34:20" hostname="LAPTOP-O84MUJ1B" time="0.852">
  <properties/>
  <testcase name="testDeleteFailed()" classname="com.example.demo.restAssured.RestAssuredTests" time="0.852"/>
  <system-out><![CDATA[]]></system-out>
  <system-err><![CDATA[]]></system-err>
</testsuite>
